Analysis & Synthesis report for Pipelined
Sun Dec 01 01:43:38 2024
Quartus Prime Version 20.1.1 Build 720 11/11/2020 SJ Lite Edition


---------------------
; Table of Contents ;
---------------------
  1. Legal Notice
  2. Analysis & Synthesis Summary
  3. Analysis & Synthesis Settings
  4. Parallel Compilation
  5. Analysis & Synthesis Source Files Read
  6. Analysis & Synthesis Resource Usage Summary
  7. Analysis & Synthesis Resource Utilization by Entity
  8. Analysis & Synthesis RAM Summary
  9. Analysis & Synthesis IP Cores Summary
 10. Registers Removed During Synthesis
 11. General Register Statistics
 12. Inverted Register Statistics
 13. Multiplexer Restructuring Statistics (Restructuring Performed)
 14. Source assignments for instructionMemory:IM|altsyncram:altsyncram_component|altsyncram_hqc1:auto_generated
 15. Source assignments for dataMemory:DM|altsyncram:altsyncram_component|altsyncram_8km1:auto_generated
 16. Parameter Settings for User Entity Instance: adder:pcAdder
 17. Parameter Settings for User Entity Instance: instructionMemory:IM|altsyncram:altsyncram_component
 18. Parameter Settings for User Entity Instance: mux2x1:pcMux
 19. Parameter Settings for User Entity Instance: mux2x1:jumpMux
 20. Parameter Settings for User Entity Instance: mux2x1:branchMux
 21. Parameter Settings for User Entity Instance: pipe:IF_ID
 22. Parameter Settings for User Entity Instance: controlUnit:CU
 23. Parameter Settings for User Entity Instance: Comparator:branchComparator
 24. Parameter Settings for User Entity Instance: adder:branchAdder
 25. Parameter Settings for User Entity Instance: mux2x1:CUMux
 26. Parameter Settings for User Entity Instance: pipe:ID_EX
 27. Parameter Settings for User Entity Instance: mux3to1:ForwardAMux
 28. Parameter Settings for User Entity Instance: mux3to1:ForwardBMux
 29. Parameter Settings for User Entity Instance: mux2x1:ALUMux
 30. Parameter Settings for User Entity Instance: ALU:alu
 31. Parameter Settings for User Entity Instance: mux3to1:RFMux
 32. Parameter Settings for User Entity Instance: pipe:EX_MEM
 33. Parameter Settings for User Entity Instance: dataMemory:DM|altsyncram:altsyncram_component
 34. Parameter Settings for User Entity Instance: pipe:MEM_WB
 35. Parameter Settings for User Entity Instance: mux3to1:WBMux
 36. altsyncram Parameter Settings by Entity Instance
 37. Port Connectivity Checks: "mux3to1:WBMux"
 38. Port Connectivity Checks: "mux3to1:RFMux"
 39. Port Connectivity Checks: "ALU:alu"
 40. Port Connectivity Checks: "mux2x1:CUMux"
 41. Port Connectivity Checks: "adder:pcAdder"
 42. Post-Synthesis Netlist Statistics for Top Partition
 43. Elapsed Time Per Partition
 44. Analysis & Synthesis Messages
 45. Analysis & Synthesis Suppressed Messages



----------------
; Legal Notice ;
----------------
Copyright (C) 2020  Intel Corporation. All rights reserved.
Your use of Intel Corporation's design tools, logic functions 
and other software and tools, and any partner logic 
functions, and any output files from any of the foregoing 
(including device programming or simulation files), and any 
associated documentation or information are expressly subject 
to the terms and conditions of the Intel Program License 
Subscription Agreement, the Intel Quartus Prime License Agreement,
the Intel FPGA IP License Agreement, or other applicable license
agreement, including, without limitation, that your use is for
the sole purpose of programming logic devices manufactured by
Intel and sold by Intel or its authorized distributors.  Please
refer to the applicable agreement for further details, at
https://fpgasoftware.intel.com/eula.



+----------------------------------------------------------------------------------+
; Analysis & Synthesis Summary                                                     ;
+------------------------------------+---------------------------------------------+
; Analysis & Synthesis Status        ; Successful - Sun Dec 01 01:43:38 2024       ;
; Quartus Prime Version              ; 20.1.1 Build 720 11/11/2020 SJ Lite Edition ;
; Revision Name                      ; Pipelined                                   ;
; Top-level Entity Name              ; processor                                   ;
; Family                             ; MAX 10                                      ;
; Total logic elements               ; 5,664                                       ;
;     Total combinational functions  ; 4,546                                       ;
;     Dedicated logic registers      ; 1,821                                       ;
; Total registers                    ; 1821                                        ;
; Total pins                         ; 11                                          ;
; Total virtual pins                 ; 0                                           ;
; Total memory bits                  ; 16,384                                      ;
; Embedded Multiplier 9-bit elements ; 0                                           ;
; Total PLLs                         ; 0                                           ;
; UFM blocks                         ; 0                                           ;
; ADC blocks                         ; 0                                           ;
+------------------------------------+---------------------------------------------+


+------------------------------------------------------------------------------------------------------------+
; Analysis & Synthesis Settings                                                                              ;
+------------------------------------------------------------------+--------------------+--------------------+
; Option                                                           ; Setting            ; Default Value      ;
+------------------------------------------------------------------+--------------------+--------------------+
; Device                                                           ; 10M50DAF484C7G     ;                    ;
; Top-level entity name                                            ; processor          ; Pipelined          ;
; Family name                                                      ; MAX 10             ; Cyclone V          ;
; Maximum processors allowed for parallel compilation              ; All                ;                    ;
; Use smart compilation                                            ; Off                ; Off                ;
; Enable parallel Assembler and Timing Analyzer during compilation ; On                 ; On                 ;
; Enable compact report table                                      ; Off                ; Off                ;
; Restructure Multiplexers                                         ; Auto               ; Auto               ;
; Create Debugging Nodes for IP Cores                              ; Off                ; Off                ;
; Preserve fewer node names                                        ; On                 ; On                 ;
; Intel FPGA IP Evaluation Mode                                    ; Enable             ; Enable             ;
; Verilog Version                                                  ; Verilog_2001       ; Verilog_2001       ;
; VHDL Version                                                     ; VHDL_1993          ; VHDL_1993          ;
; State Machine Processing                                         ; Auto               ; Auto               ;
; Safe State Machine                                               ; Off                ; Off                ;
; Extract Verilog State Machines                                   ; On                 ; On                 ;
; Extract VHDL State Machines                                      ; On                 ; On                 ;
; Ignore Verilog initial constructs                                ; Off                ; Off                ;
; Iteration limit for constant Verilog loops                       ; 5000               ; 5000               ;
; Iteration limit for non-constant Verilog loops                   ; 250                ; 250                ;
; Add Pass-Through Logic to Inferred RAMs                          ; On                 ; On                 ;
; Infer RAMs from Raw Logic                                        ; On                 ; On                 ;
; Parallel Synthesis                                               ; On                 ; On                 ;
; DSP Block Balancing                                              ; Auto               ; Auto               ;
; NOT Gate Push-Back                                               ; On                 ; On                 ;
; Power-Up Don't Care                                              ; On                 ; On                 ;
; Remove Redundant Logic Cells                                     ; Off                ; Off                ;
; Remove Duplicate Registers                                       ; On                 ; On                 ;
; Ignore CARRY Buffers                                             ; Off                ; Off                ;
; Ignore CASCADE Buffers                                           ; Off                ; Off                ;
; Ignore GLOBAL Buffers                                            ; Off                ; Off                ;
; Ignore ROW GLOBAL Buffers                                        ; Off                ; Off                ;
; Ignore LCELL Buffers                                             ; Off                ; Off                ;
; Ignore SOFT Buffers                                              ; On                 ; On                 ;
; Limit AHDL Integers to 32 Bits                                   ; Off                ; Off                ;
; Optimization Technique                                           ; Balanced           ; Balanced           ;
; Carry Chain Length                                               ; 70                 ; 70                 ;
; Auto Carry Chains                                                ; On                 ; On                 ;
; Auto Open-Drain Pins                                             ; On                 ; On                 ;
; Perform WYSIWYG Primitive Resynthesis                            ; Off                ; Off                ;
; Auto ROM Replacement                                             ; On                 ; On                 ;
; Auto RAM Replacement                                             ; On                 ; On                 ;
; Auto DSP Block Replacement                                       ; On                 ; On                 ;
; Auto Shift Register Replacement                                  ; Auto               ; Auto               ;
; Allow Shift Register Merging across Hierarchies                  ; Auto               ; Auto               ;
; Auto Clock Enable Replacement                                    ; On                 ; On                 ;
; Strict RAM Replacement                                           ; Off                ; Off                ;
; Allow Synchronous Control Signals                                ; On                 ; On                 ;
; Force Use of Synchronous Clear Signals                           ; Off                ; Off                ;
; Auto RAM Block Balancing                                         ; On                 ; On                 ;
; Auto RAM to Logic Cell Conversion                                ; Off                ; Off                ;
; Auto Resource Sharing                                            ; Off                ; Off                ;
; Allow Any RAM Size For Recognition                               ; Off                ; Off                ;
; Allow Any ROM Size For Recognition                               ; Off                ; Off                ;
; Allow Any Shift Register Size For Recognition                    ; Off                ; Off                ;
; Use LogicLock Constraints during Resource Balancing              ; On                 ; On                 ;
; Ignore translate_off and synthesis_off directives                ; Off                ; Off                ;
; Timing-Driven Synthesis                                          ; On                 ; On                 ;
; Report Parameter Settings                                        ; On                 ; On                 ;
; Report Source Assignments                                        ; On                 ; On                 ;
; Report Connectivity Checks                                       ; On                 ; On                 ;
; Ignore Maximum Fan-Out Assignments                               ; Off                ; Off                ;
; Synchronization Register Chain Length                            ; 2                  ; 2                  ;
; Power Optimization During Synthesis                              ; Normal compilation ; Normal compilation ;
; HDL message level                                                ; Level2             ; Level2             ;
; Suppress Register Optimization Related Messages                  ; Off                ; Off                ;
; Number of Removed Registers Reported in Synthesis Report         ; 5000               ; 5000               ;
; Number of Swept Nodes Reported in Synthesis Report               ; 5000               ; 5000               ;
; Number of Inverted Registers Reported in Synthesis Report        ; 100                ; 100                ;
; Clock MUX Protection                                             ; On                 ; On                 ;
; Auto Gated Clock Conversion                                      ; Off                ; Off                ;
; Block Design Naming                                              ; Auto               ; Auto               ;
; SDC constraint protection                                        ; Off                ; Off                ;
; Synthesis Effort                                                 ; Auto               ; Auto               ;
; Shift Register Replacement - Allow Asynchronous Clear Signal     ; On                 ; On                 ;
; Pre-Mapping Resynthesis Optimization                             ; Off                ; Off                ;
; Analysis & Synthesis Message Level                               ; Medium             ; Medium             ;
; Disable Register Merging Across Hierarchies                      ; Auto               ; Auto               ;
; Resource Aware Inference For Block RAM                           ; On                 ; On                 ;
+------------------------------------------------------------------+--------------------+--------------------+


+------------------------------------------+
; Parallel Compilation                     ;
+----------------------------+-------------+
; Processors                 ; Number      ;
+----------------------------+-------------+
; Number detected on machine ; 12          ;
; Maximum allowed            ; 6           ;
;                            ;             ;
; Average used               ; 1.01        ;
; Maximum used               ; 6           ;
;                            ;             ;
; Usage by Processor         ; % Time Used ;
;     Processor 1            ; 100.0%      ;
;     Processor 2            ;   0.2%      ;
;     Processor 3            ;   0.2%      ;
;     Processor 4            ;   0.1%      ;
;     Processor 5            ;   0.1%      ;
;     Processor 6            ;   0.1%      ;
+----------------------------+-------------+


+-------------------------------------------------------------------------------------------------------------------------------------------------------------------------------------------------------------------------+
; Analysis & Synthesis Source Files Read                                                                                                                                                                                  ;
+-----------------------------------------+-----------------+----------------------------------+----------------------------------------------------------------------------------------------------------------+---------+
; File Name with User-Entered Path        ; Used in Netlist ; File Type                        ; File Name with Absolute Path                                                                                   ; Library ;
+-----------------------------------------+-----------------+----------------------------------+----------------------------------------------------------------------------------------------------------------+---------+
; BranchPredictionUnit.v                  ; yes             ; User Verilog HDL File            ; C:/Users/Saleh/Desktop/Josdc phase 2/JoSDC/Development Phase/Pipelined/BranchPredictionUnit.v                  ;         ;
; muxes.v                                 ; yes             ; User Verilog HDL File            ; C:/Users/Saleh/Desktop/Josdc phase 2/JoSDC/Development Phase/Pipelined/muxes.v                                 ;         ;
; processor.v                             ; yes             ; User Verilog HDL File            ; C:/Users/Saleh/Desktop/Josdc phase 2/JoSDC/Development Phase/Pipelined/processor.v                             ;         ;
; registerFile.v                          ; yes             ; User Verilog HDL File            ; C:/Users/Saleh/Desktop/Josdc phase 2/JoSDC/Development Phase/Pipelined/registerFile.v                          ;         ;
; controlUnit.v                           ; yes             ; User Verilog HDL File            ; C:/Users/Saleh/Desktop/Josdc phase 2/JoSDC/Development Phase/Pipelined/controlUnit.v                           ;         ;
; ALU.v                                   ; yes             ; User Verilog HDL File            ; C:/Users/Saleh/Desktop/Josdc phase 2/JoSDC/Development Phase/Pipelined/ALU.v                                   ;         ;
; signextender.v                          ; yes             ; User Verilog HDL File            ; C:/Users/Saleh/Desktop/Josdc phase 2/JoSDC/Development Phase/Pipelined/signextender.v                          ;         ;
; programCounter.v                        ; yes             ; User Verilog HDL File            ; C:/Users/Saleh/Desktop/Josdc phase 2/JoSDC/Development Phase/Pipelined/programCounter.v                        ;         ;
; adder.v                                 ; yes             ; User Verilog HDL File            ; C:/Users/Saleh/Desktop/Josdc phase 2/JoSDC/Development Phase/Pipelined/adder.v                                 ;         ;
; ANDGate.v                               ; yes             ; User Verilog HDL File            ; C:/Users/Saleh/Desktop/Josdc phase 2/JoSDC/Development Phase/Pipelined/ANDGate.v                               ;         ;
; instructionMemoryInitializationFile.mif ; yes             ; User Memory Initialization File  ; C:/Users/Saleh/Desktop/Josdc phase 2/JoSDC/Development Phase/Pipelined/instructionMemoryInitializationFile.mif ;         ;
; dataMemoryInitializationFile.mif        ; yes             ; User Memory Initialization File  ; C:/Users/Saleh/Desktop/Josdc phase 2/JoSDC/Development Phase/Pipelined/dataMemoryInitializationFile.mif        ;         ;
; instructionMemory.v                     ; yes             ; User Wizard-Generated File       ; C:/Users/Saleh/Desktop/Josdc phase 2/JoSDC/Development Phase/Pipelined/instructionMemory.v                     ;         ;
; dataMemory.v                            ; yes             ; User Wizard-Generated File       ; C:/Users/Saleh/Desktop/Josdc phase 2/JoSDC/Development Phase/Pipelined/dataMemory.v                            ;         ;
; XNOR.v                                  ; yes             ; User Verilog HDL File            ; C:/Users/Saleh/Desktop/Josdc phase 2/JoSDC/Development Phase/Pipelined/XNOR.v                                  ;         ;
; Pipes.v                                 ; yes             ; User Verilog HDL File            ; C:/Users/Saleh/Desktop/Josdc phase 2/JoSDC/Development Phase/Pipelined/Pipes.v                                 ;         ;
; Comparator.v                            ; yes             ; User Verilog HDL File            ; C:/Users/Saleh/Desktop/Josdc phase 2/JoSDC/Development Phase/Pipelined/Comparator.v                            ;         ;
; forwardingUnit.v                        ; yes             ; User Verilog HDL File            ; C:/Users/Saleh/Desktop/Josdc phase 2/JoSDC/Development Phase/Pipelined/forwardingUnit.v                        ;         ;
; HazardDetectionUnit.v                   ; yes             ; User Verilog HDL File            ; C:/Users/Saleh/Desktop/Josdc phase 2/JoSDC/Development Phase/Pipelined/HazardDetectionUnit.v                   ;         ;
; ORGate.v                                ; yes             ; User Verilog HDL File            ; C:/Users/Saleh/Desktop/Josdc phase 2/JoSDC/Development Phase/Pipelined/ORGate.v                                ;         ;
; altsyncram.tdf                          ; yes             ; Megafunction                     ; c:/intelfpga_lite/20.1/quartus/libraries/megafunctions/altsyncram.tdf                                          ;         ;
; stratix_ram_block.inc                   ; yes             ; Megafunction                     ; c:/intelfpga_lite/20.1/quartus/libraries/megafunctions/stratix_ram_block.inc                                   ;         ;
; lpm_mux.inc                             ; yes             ; Megafunction                     ; c:/intelfpga_lite/20.1/quartus/libraries/megafunctions/lpm_mux.inc                                             ;         ;
; lpm_decode.inc                          ; yes             ; Megafunction                     ; c:/intelfpga_lite/20.1/quartus/libraries/megafunctions/lpm_decode.inc                                          ;         ;
; aglobal201.inc                          ; yes             ; Megafunction                     ; c:/intelfpga_lite/20.1/quartus/libraries/megafunctions/aglobal201.inc                                          ;         ;
; a_rdenreg.inc                           ; yes             ; Megafunction                     ; c:/intelfpga_lite/20.1/quartus/libraries/megafunctions/a_rdenreg.inc                                           ;         ;
; altrom.inc                              ; yes             ; Megafunction                     ; c:/intelfpga_lite/20.1/quartus/libraries/megafunctions/altrom.inc                                              ;         ;
; altram.inc                              ; yes             ; Megafunction                     ; c:/intelfpga_lite/20.1/quartus/libraries/megafunctions/altram.inc                                              ;         ;
; altdpram.inc                            ; yes             ; Megafunction                     ; c:/intelfpga_lite/20.1/quartus/libraries/megafunctions/altdpram.inc                                            ;         ;
; db/altsyncram_hqc1.tdf                  ; yes             ; Auto-Generated Megafunction      ; C:/Users/Saleh/Desktop/Josdc phase 2/JoSDC/Development Phase/Pipelined/db/altsyncram_hqc1.tdf                  ;         ;
; db/altsyncram_8km1.tdf                  ; yes             ; Auto-Generated Megafunction      ; C:/Users/Saleh/Desktop/Josdc phase 2/JoSDC/Development Phase/Pipelined/db/altsyncram_8km1.tdf                  ;         ;
+-----------------------------------------+-----------------+----------------------------------+----------------------------------------------------------------------------------------------------------------+---------+


+---------------------------------------------------------+
; Analysis & Synthesis Resource Usage Summary             ;
+---------------------------------------------+-----------+
; Resource                                    ; Usage     ;
+---------------------------------------------+-----------+
; Estimated Total logic elements              ; 5,664     ;
;                                             ;           ;
; Total combinational functions               ; 4546      ;
; Logic element usage by number of LUT inputs ;           ;
;     -- 4 input functions                    ; 2746      ;
;     -- 3 input functions                    ; 1482      ;
;     -- <=2 input functions                  ; 318       ;
;                                             ;           ;
; Logic elements by mode                      ;           ;
;     -- normal mode                          ; 4438      ;
;     -- arithmetic mode                      ; 108       ;
;                                             ;           ;
; Total registers                             ; 1821      ;
;     -- Dedicated logic registers            ; 1821      ;
;     -- I/O registers                        ; 0         ;
;                                             ;           ;
; I/O pins                                    ; 11        ;
; Total memory bits                           ; 16384     ;
;                                             ;           ;
; Embedded Multiplier 9-bit elements          ; 0         ;
;                                             ;           ;
; Maximum fan-out node                        ; clk~input ;
; Maximum fan-out                             ; 1885      ;
; Total fan-out                               ; 25140     ;
; Average fan-out                             ; 3.90      ;
+---------------------------------------------+-----------+


+---------------------------------------------------------------------------------------------------------------------------------------------------------------------------------------------------------------------------------------------------------------------------------------------------------------------------------------+
; Analysis & Synthesis Resource Utilization by Entity                                                                                                                                                                                                                                                                                   ;
+-------------------------------------------+---------------------+---------------------------+-------------+------------+--------------+---------+-----------+------+--------------+------------+------------------------------------------------------------------------------------------------+----------------------+--------------+
; Compilation Hierarchy Node                ; Combinational ALUTs ; Dedicated Logic Registers ; Memory Bits ; UFM Blocks ; DSP Elements ; DSP 9x9 ; DSP 18x18 ; Pins ; Virtual Pins ; ADC blocks ; Full Hierarchy Name                                                                            ; Entity Name          ; Library Name ;
+-------------------------------------------+---------------------+---------------------------+-------------+------------+--------------+---------+-----------+------+--------------+------------+------------------------------------------------------------------------------------------------+----------------------+--------------+
; |processor                                ; 4546 (0)            ; 1821 (0)                  ; 16384       ; 0          ; 0            ; 0       ; 0         ; 11   ; 0            ; 0          ; |processor                                                                                     ; processor            ; work         ;
;    |ALU:alu|                              ; 533 (533)           ; 0 (0)                     ; 0           ; 0          ; 0            ; 0       ; 0         ; 0    ; 0            ; 0          ; |processor|ALU:alu                                                                             ; ALU                  ; work         ;
;    |ANDGate:branchAnd|                    ; 1 (1)               ; 0 (0)                     ; 0           ; 0          ; 0            ; 0       ; 0         ; 0    ; 0            ; 0          ; |processor|ANDGate:branchAnd                                                                   ; ANDGate              ; work         ;
;    |ANDGate:holdGate|                     ; 1 (1)               ; 0 (0)                     ; 0           ; 0          ; 0            ; 0       ; 0         ; 0    ; 0            ; 0          ; |processor|ANDGate:holdGate                                                                    ; ANDGate              ; work         ;
;    |BranchPredictionUnit:BPU|             ; 2165 (2165)         ; 512 (512)                 ; 0           ; 0          ; 0            ; 0       ; 0         ; 0    ; 0            ; 0          ; |processor|BranchPredictionUnit:BPU                                                            ; BranchPredictionUnit ; work         ;
;    |Comparator:branchComparator|          ; 21 (21)             ; 0 (0)                     ; 0           ; 0          ; 0            ; 0       ; 0         ; 0    ; 0            ; 0          ; |processor|Comparator:branchComparator                                                         ; Comparator           ; work         ;
;    |ForwardingUnit:FU|                    ; 24 (24)             ; 0 (0)                     ; 0           ; 0          ; 0            ; 0       ; 0         ; 0    ; 0            ; 0          ; |processor|ForwardingUnit:FU                                                                   ; ForwardingUnit       ; work         ;
;    |HazardDetectionUnit:HDU|              ; 10 (10)             ; 0 (0)                     ; 0           ; 0          ; 0            ; 0       ; 0         ; 0    ; 0            ; 0          ; |processor|HazardDetectionUnit:HDU                                                             ; HazardDetectionUnit  ; work         ;
;    |ORGate:IfIdReset|                     ; 1 (1)               ; 0 (0)                     ; 0           ; 0          ; 0            ; 0       ; 0         ; 0    ; 0            ; 0          ; |processor|ORGate:IfIdReset                                                                    ; ORGate               ; work         ;
;    |adder:branchAdder|                    ; 8 (8)               ; 0 (0)                     ; 0           ; 0          ; 0            ; 0       ; 0         ; 0    ; 0            ; 0          ; |processor|adder:branchAdder                                                                   ; adder                ; work         ;
;    |adder:pcAdder|                        ; 8 (8)               ; 0 (0)                     ; 0           ; 0          ; 0            ; 0       ; 0         ; 0    ; 0            ; 0          ; |processor|adder:pcAdder                                                                       ; adder                ; work         ;
;    |controlUnit:CU|                       ; 4 (4)               ; 0 (0)                     ; 0           ; 0          ; 0            ; 0       ; 0         ; 0    ; 0            ; 0          ; |processor|controlUnit:CU                                                                      ; controlUnit          ; work         ;
;    |dataMemory:DM|                        ; 0 (0)               ; 0 (0)                     ; 8192        ; 0          ; 0            ; 0       ; 0         ; 0    ; 0            ; 0          ; |processor|dataMemory:DM                                                                       ; dataMemory           ; work         ;
;       |altsyncram:altsyncram_component|   ; 0 (0)               ; 0 (0)                     ; 8192        ; 0          ; 0            ; 0       ; 0         ; 0    ; 0            ; 0          ; |processor|dataMemory:DM|altsyncram:altsyncram_component                                       ; altsyncram           ; work         ;
;          |altsyncram_8km1:auto_generated| ; 0 (0)               ; 0 (0)                     ; 8192        ; 0          ; 0            ; 0       ; 0         ; 0    ; 0            ; 0          ; |processor|dataMemory:DM|altsyncram:altsyncram_component|altsyncram_8km1:auto_generated        ; altsyncram_8km1      ; work         ;
;    |instructionMemory:IM|                 ; 0 (0)               ; 0 (0)                     ; 8192        ; 0          ; 0            ; 0       ; 0         ; 0    ; 0            ; 0          ; |processor|instructionMemory:IM                                                                ; instructionMemory    ; work         ;
;       |altsyncram:altsyncram_component|   ; 0 (0)               ; 0 (0)                     ; 8192        ; 0          ; 0            ; 0       ; 0         ; 0    ; 0            ; 0          ; |processor|instructionMemory:IM|altsyncram:altsyncram_component                                ; altsyncram           ; work         ;
;          |altsyncram_hqc1:auto_generated| ; 0 (0)               ; 0 (0)                     ; 8192        ; 0          ; 0            ; 0       ; 0         ; 0    ; 0            ; 0          ; |processor|instructionMemory:IM|altsyncram:altsyncram_component|altsyncram_hqc1:auto_generated ; altsyncram_hqc1      ; work         ;
;    |mux2x1:ALUMux|                        ; 47 (47)             ; 0 (0)                     ; 0           ; 0          ; 0            ; 0       ; 0         ; 0    ; 0            ; 0          ; |processor|mux2x1:ALUMux                                                                       ; mux2x1               ; work         ;
;    |mux2x1:CUMux|                         ; 34 (34)             ; 0 (0)                     ; 0           ; 0          ; 0            ; 0       ; 0         ; 0    ; 0            ; 0          ; |processor|mux2x1:CUMux                                                                        ; mux2x1               ; work         ;
;    |mux2x1:pcMux|                         ; 22 (22)             ; 0 (0)                     ; 0           ; 0          ; 0            ; 0       ; 0         ; 0    ; 0            ; 0          ; |processor|mux2x1:pcMux                                                                        ; mux2x1               ; work         ;
;    |mux3to1:ForwardAMux|                  ; 65 (65)             ; 0 (0)                     ; 0           ; 0          ; 0            ; 0       ; 0         ; 0    ; 0            ; 0          ; |processor|mux3to1:ForwardAMux                                                                 ; mux3to1              ; work         ;
;    |mux3to1:ForwardBMux|                  ; 76 (76)             ; 0 (0)                     ; 0           ; 0          ; 0            ; 0       ; 0         ; 0    ; 0            ; 0          ; |processor|mux3to1:ForwardBMux                                                                 ; mux3to1              ; work         ;
;    |mux3to1:RFMux|                        ; 5 (5)               ; 0 (0)                     ; 0           ; 0          ; 0            ; 0       ; 0         ; 0    ; 0            ; 0          ; |processor|mux3to1:RFMux                                                                       ; mux3to1              ; work         ;
;    |mux3to1:WBMux|                        ; 40 (40)             ; 0 (0)                     ; 0           ; 0          ; 0            ; 0       ; 0         ; 0    ; 0            ; 0          ; |processor|mux3to1:WBMux                                                                       ; mux3to1              ; work         ;
;    |pipe:EX_MEM|                          ; 90 (90)             ; 81 (81)                   ; 0           ; 0          ; 0            ; 0       ; 0         ; 0    ; 0            ; 0          ; |processor|pipe:EX_MEM                                                                         ; pipe                 ; work         ;
;    |pipe:ID_EX|                           ; 0 (0)               ; 108 (108)                 ; 0           ; 0          ; 0            ; 0       ; 0         ; 0    ; 0            ; 0          ; |processor|pipe:ID_EX                                                                          ; pipe                 ; work         ;
;    |pipe:IF_ID|                           ; 0 (0)               ; 40 (40)                   ; 0           ; 0          ; 0            ; 0       ; 0         ; 0    ; 0            ; 0          ; |processor|pipe:IF_ID                                                                          ; pipe                 ; work         ;
;    |pipe:MEM_WB|                          ; 0 (0)               ; 80 (80)                   ; 0           ; 0          ; 0            ; 0       ; 0         ; 0    ; 0            ; 0          ; |processor|pipe:MEM_WB                                                                         ; pipe                 ; work         ;
;    |programCounter:pc|                    ; 8 (8)               ; 8 (8)                     ; 0           ; 0          ; 0            ; 0       ; 0         ; 0    ; 0            ; 0          ; |processor|programCounter:pc                                                                   ; programCounter       ; work         ;
;    |registerFile:RF|                      ; 1383 (1383)         ; 992 (992)                 ; 0           ; 0          ; 0            ; 0       ; 0         ; 0    ; 0            ; 0          ; |processor|registerFile:RF                                                                     ; registerFile         ; work         ;
+-------------------------------------------+---------------------+---------------------------+-------------+------------+--------------+---------+-----------+------+--------------+------------+------------------------------------------------------------------------------------------------+----------------------+--------------+
Note: For table entries with two numbers listed, the numbers in parentheses indicate the number of resources of the given type used by the specific entity alone. The numbers listed outside of parentheses indicate the total resources of the given type used by the specific entity and all of its sub-entities in the hierarchy.


+----------------------------------------------------------------------------------------------------------------------------------------------------------------------------------------------------------------------------------+
; Analysis & Synthesis RAM Summary                                                                                                                                                                                                 ;
+------------------------------------------------------------------------------------------------+------+-------------+--------------+--------------+--------------+--------------+------+-----------------------------------------+
; Name                                                                                           ; Type ; Mode        ; Port A Depth ; Port A Width ; Port B Depth ; Port B Width ; Size ; MIF                                     ;
+------------------------------------------------------------------------------------------------+------+-------------+--------------+--------------+--------------+--------------+------+-----------------------------------------+
; dataMemory:DM|altsyncram:altsyncram_component|altsyncram_8km1:auto_generated|ALTSYNCRAM        ; M9K  ; Single Port ; 256          ; 32           ; --           ; --           ; 8192 ; dataMemoryInitializationFile.mif        ;
; instructionMemory:IM|altsyncram:altsyncram_component|altsyncram_hqc1:auto_generated|ALTSYNCRAM ; M9K  ; ROM         ; 256          ; 32           ; --           ; --           ; 8192 ; instructionMemoryInitializationFile.mif ;
+------------------------------------------------------------------------------------------------+------+-------------+--------------+--------------+--------------+--------------+------+-----------------------------------------+


+-----------------------------------------------------------------------------------------------------------------------+
; Analysis & Synthesis IP Cores Summary                                                                                 ;
+--------+--------------+---------+--------------+--------------+---------------------------------+---------------------+
; Vendor ; IP Core Name ; Version ; Release Date ; License Type ; Entity Instance                 ; IP Include File     ;
+--------+--------------+---------+--------------+--------------+---------------------------------+---------------------+
; Altera ; RAM: 1-PORT  ; 20.1    ; N/A          ; N/A          ; |processor|dataMemory:DM        ; dataMemory.v        ;
; Altera ; ROM: 1-PORT  ; 20.1    ; N/A          ; N/A          ; |processor|instructionMemory:IM ; instructionMemory.v ;
+--------+--------------+---------+--------------+--------------+---------------------------------+---------------------+


+--------------------------------------------------------------------------------------+
; Registers Removed During Synthesis                                                   ;
+----------------------------------------+---------------------------------------------+
; Register name                          ; Reason for Removal                          ;
+----------------------------------------+---------------------------------------------+
; pipe:ID_EX|Q[134]                      ; Merged with pipe:ID_EX|Q[126]               ;
; pipe:ID_EX|Q[133]                      ; Merged with pipe:ID_EX|Q[131]               ;
; pipe:EX_MEM|Q[79]                      ; Merged with pipe:EX_MEM|Q[77]               ;
; pipe:ID_EX|Q[9,36..51]                 ; Merged with pipe:ID_EX|Q[35]                ;
; pipe:ID_EX|Q[8]                        ; Merged with pipe:ID_EX|Q[34]                ;
; pipe:ID_EX|Q[7]                        ; Merged with pipe:ID_EX|Q[33]                ;
; pipe:ID_EX|Q[6]                        ; Merged with pipe:ID_EX|Q[32]                ;
; pipe:ID_EX|Q[5]                        ; Merged with pipe:ID_EX|Q[31]                ;
; pipe:ID_EX|Q[26]                       ; Merged with pipe:ID_EX|Q[0]                 ;
; pipe:ID_EX|Q[27]                       ; Merged with pipe:ID_EX|Q[1]                 ;
; pipe:ID_EX|Q[2]                        ; Merged with pipe:ID_EX|Q[28]                ;
; pipe:ID_EX|Q[3]                        ; Merged with pipe:ID_EX|Q[29]                ;
; pipe:ID_EX|Q[4]                        ; Merged with pipe:ID_EX|Q[30]                ;
; registerFile:RF|registers[0][0]        ; Stuck at GND due to stuck port clock_enable ;
; registerFile:RF|registers[0][1]        ; Stuck at GND due to stuck port clock_enable ;
; registerFile:RF|registers[0][2]        ; Stuck at GND due to stuck port clock_enable ;
; registerFile:RF|registers[0][3]        ; Stuck at GND due to stuck port clock_enable ;
; registerFile:RF|registers[0][4]        ; Stuck at GND due to stuck port clock_enable ;
; registerFile:RF|registers[0][5]        ; Stuck at GND due to stuck port clock_enable ;
; registerFile:RF|registers[0][6]        ; Stuck at GND due to stuck port clock_enable ;
; registerFile:RF|registers[0][7]        ; Stuck at GND due to stuck port clock_enable ;
; registerFile:RF|registers[0][31]       ; Stuck at GND due to stuck port clock_enable ;
; registerFile:RF|registers[0][30]       ; Stuck at GND due to stuck port clock_enable ;
; registerFile:RF|registers[0][29]       ; Stuck at GND due to stuck port clock_enable ;
; registerFile:RF|registers[0][28]       ; Stuck at GND due to stuck port clock_enable ;
; registerFile:RF|registers[0][27]       ; Stuck at GND due to stuck port clock_enable ;
; registerFile:RF|registers[0][26]       ; Stuck at GND due to stuck port clock_enable ;
; registerFile:RF|registers[0][25]       ; Stuck at GND due to stuck port clock_enable ;
; registerFile:RF|registers[0][24]       ; Stuck at GND due to stuck port clock_enable ;
; registerFile:RF|registers[0][23]       ; Stuck at GND due to stuck port clock_enable ;
; registerFile:RF|registers[0][22]       ; Stuck at GND due to stuck port clock_enable ;
; registerFile:RF|registers[0][21]       ; Stuck at GND due to stuck port clock_enable ;
; registerFile:RF|registers[0][20]       ; Stuck at GND due to stuck port clock_enable ;
; registerFile:RF|registers[0][19]       ; Stuck at GND due to stuck port clock_enable ;
; registerFile:RF|registers[0][18]       ; Stuck at GND due to stuck port clock_enable ;
; registerFile:RF|registers[0][17]       ; Stuck at GND due to stuck port clock_enable ;
; registerFile:RF|registers[0][16]       ; Stuck at GND due to stuck port clock_enable ;
; registerFile:RF|registers[0][15]       ; Stuck at GND due to stuck port clock_enable ;
; registerFile:RF|registers[0][14]       ; Stuck at GND due to stuck port clock_enable ;
; registerFile:RF|registers[0][13]       ; Stuck at GND due to stuck port clock_enable ;
; registerFile:RF|registers[0][12]       ; Stuck at GND due to stuck port clock_enable ;
; registerFile:RF|registers[0][11]       ; Stuck at GND due to stuck port clock_enable ;
; registerFile:RF|registers[0][10]       ; Stuck at GND due to stuck port clock_enable ;
; registerFile:RF|registers[0][9]        ; Stuck at GND due to stuck port clock_enable ;
; registerFile:RF|registers[0][8]        ; Stuck at GND due to stuck port clock_enable ;
; Total Number of Removed Registers = 61 ;                                             ;
+----------------------------------------+---------------------------------------------+


+------------------------------------------------------+
; General Register Statistics                          ;
+----------------------------------------------+-------+
; Statistic                                    ; Value ;
+----------------------------------------------+-------+
; Total registers                              ; 1821  ;
; Number of registers using Synchronous Clear  ; 16    ;
; Number of registers using Synchronous Load   ; 530   ;
; Number of registers using Asynchronous Clear ; 1821  ;
; Number of registers using Asynchronous Load  ; 0     ;
; Number of registers using Clock Enable       ; 1821  ;
; Number of registers using Preset             ; 0     ;
+----------------------------------------------+-------+


+--------------------------------------------------+
; Inverted Register Statistics                     ;
+----------------------------------------+---------+
; Inverted Register                      ; Fan out ;
+----------------------------------------+---------+
; programCounter:pc|PCout[0]             ; 66      ;
; programCounter:pc|PCout[1]             ; 66      ;
; programCounter:pc|PCout[2]             ; 84      ;
; programCounter:pc|PCout[3]             ; 84      ;
; programCounter:pc|PCout[4]             ; 79      ;
; programCounter:pc|PCout[5]             ; 80      ;
; programCounter:pc|PCout[6]             ; 97      ;
; programCounter:pc|PCout[7]             ; 98      ;
; Total number of inverted registers = 8 ;         ;
+----------------------------------------+---------+


+--------------------------------------------------------------------------------------------------------------------------------------------------------+
; Multiplexer Restructuring Statistics (Restructuring Performed)                                                                                         ;
+--------------------+-----------+---------------+----------------------+------------------------+------------+------------------------------------------+
; Multiplexer Inputs ; Bus Width ; Baseline Area ; Area if Restructured ; Saving if Restructured ; Registered ; Example Multiplexer Output               ;
+--------------------+-----------+---------------+----------------------+------------------------+------------+------------------------------------------+
; 65:1               ; 4 bits    ; 172 LEs       ; 60 LEs               ; 112 LEs                ; Yes        ; |processor|pipe:ID_EX|Q[127]             ;
; 19:1               ; 8 bits    ; 96 LEs        ; 48 LEs               ; 48 LEs                 ; Yes        ; |processor|pipe:EX_MEM|Q[59]             ;
; 19:1               ; 8 bits    ; 96 LEs        ; 48 LEs               ; 48 LEs                 ; Yes        ; |processor|pipe:EX_MEM|Q[49]             ;
; 20:1               ; 4 bits    ; 52 LEs        ; 28 LEs               ; 24 LEs                 ; Yes        ; |processor|pipe:EX_MEM|Q[64]             ;
; 20:1               ; 4 bits    ; 52 LEs        ; 28 LEs               ; 24 LEs                 ; Yes        ; |processor|pipe:EX_MEM|Q[44]             ;
; 21:1               ; 2 bits    ; 28 LEs        ; 14 LEs               ; 14 LEs                 ; Yes        ; |processor|pipe:EX_MEM|Q[66]             ;
; 21:1               ; 2 bits    ; 28 LEs        ; 14 LEs               ; 14 LEs                 ; Yes        ; |processor|pipe:EX_MEM|Q[39]             ;
; 22:1               ; 2 bits    ; 28 LEs        ; 16 LEs               ; 12 LEs                 ; Yes        ; |processor|pipe:EX_MEM|Q[68]             ;
; 4:1                ; 5 bits    ; 10 LEs        ; 10 LEs               ; 0 LEs                  ; No         ; |processor|mux3to1:RFMux|Mux4            ;
; 4:1                ; 24 bits   ; 48 LEs        ; 48 LEs               ; 0 LEs                  ; No         ; |processor|mux3to1:WBMux|Mux21           ;
; 4:1                ; 8 bits    ; 16 LEs        ; 16 LEs               ; 0 LEs                  ; No         ; |processor|mux3to1:WBMux|Mux24           ;
; 4:1                ; 32 bits   ; 64 LEs        ; 64 LEs               ; 0 LEs                  ; No         ; |processor|mux3to1:ForwardAMux|Mux25     ;
; 4:1                ; 32 bits   ; 64 LEs        ; 64 LEs               ; 0 LEs                  ; No         ; |processor|mux3to1:ForwardBMux|Mux0      ;
; 4:1                ; 8 bits    ; 16 LEs        ; 16 LEs               ; 0 LEs                  ; No         ; |processor|mux2x1:pcMux|out[1]           ;
; 32:1               ; 32 bits   ; 672 LEs       ; 672 LEs              ; 0 LEs                  ; No         ; |processor|registerFile:RF|Mux0          ;
; 32:1               ; 32 bits   ; 672 LEs       ; 672 LEs              ; 0 LEs                  ; No         ; |processor|registerFile:RF|Mux50         ;
; 256:1              ; 2 bits    ; 340 LEs       ; 340 LEs              ; 0 LEs                  ; No         ; |processor|BranchPredictionUnit:BPU|Mux1 ;
+--------------------+-----------+---------------+----------------------+------------------------+------------+------------------------------------------+


+------------------------------------------------------------------------------------------------------------+
; Source assignments for instructionMemory:IM|altsyncram:altsyncram_component|altsyncram_hqc1:auto_generated ;
+---------------------------------+--------------------+------+----------------------------------------------+
; Assignment                      ; Value              ; From ; To                                           ;
+---------------------------------+--------------------+------+----------------------------------------------+
; OPTIMIZE_POWER_DURING_SYNTHESIS ; NORMAL_COMPILATION ; -    ; -                                            ;
+---------------------------------+--------------------+------+----------------------------------------------+


+-----------------------------------------------------------------------------------------------------+
; Source assignments for dataMemory:DM|altsyncram:altsyncram_component|altsyncram_8km1:auto_generated ;
+---------------------------------+--------------------+------+---------------------------------------+
; Assignment                      ; Value              ; From ; To                                    ;
+---------------------------------+--------------------+------+---------------------------------------+
; OPTIMIZE_POWER_DURING_SYNTHESIS ; NORMAL_COMPILATION ; -    ; -                                     ;
+---------------------------------+--------------------+------+---------------------------------------+


+------------------------------------------------------------+
; Parameter Settings for User Entity Instance: adder:pcAdder ;
+----------------+-------+-----------------------------------+
; Parameter Name ; Value ; Type                              ;
+----------------+-------+-----------------------------------+
; size           ; 8     ; Signed Integer                    ;
+----------------+-------+-----------------------------------+
Note: In order to hide this table in the UI and the text report file, please set the "Show Parameter Settings in Synthesis Report" option in "Analysis and Synthesis Settings -> More Settings" to "Off".


+---------------------------------------------------------------------------------------------------+
; Parameter Settings for User Entity Instance: instructionMemory:IM|altsyncram:altsyncram_component ;
+------------------------------------+-----------------------------------------+--------------------+
; Parameter Name                     ; Value                                   ; Type               ;
+------------------------------------+-----------------------------------------+--------------------+
; BYTE_SIZE_BLOCK                    ; 8                                       ; Untyped            ;
; AUTO_CARRY_CHAINS                  ; ON                                      ; AUTO_CARRY         ;
; IGNORE_CARRY_BUFFERS               ; OFF                                     ; IGNORE_CARRY       ;
; AUTO_CASCADE_CHAINS                ; ON                                      ; AUTO_CASCADE       ;
; IGNORE_CASCADE_BUFFERS             ; OFF                                     ; IGNORE_CASCADE     ;
; WIDTH_BYTEENA                      ; 1                                       ; Untyped            ;
; OPERATION_MODE                     ; ROM                                     ; Untyped            ;
; WIDTH_A                            ; 32                                      ; Signed Integer     ;
; WIDTHAD_A                          ; 8                                       ; Signed Integer     ;
; NUMWORDS_A                         ; 256                                     ; Signed Integer     ;
; OUTDATA_REG_A                      ; UNREGISTERED                            ; Untyped            ;
; ADDRESS_ACLR_A                     ; CLEAR0                                  ; Untyped            ;
; OUTDATA_ACLR_A                     ; CLEAR0                                  ; Untyped            ;
; WRCONTROL_ACLR_A                   ; NONE                                    ; Untyped            ;
; INDATA_ACLR_A                      ; NONE                                    ; Untyped            ;
; BYTEENA_ACLR_A                     ; NONE                                    ; Untyped            ;
; WIDTH_B                            ; 1                                       ; Untyped            ;
; WIDTHAD_B                          ; 1                                       ; Untyped            ;
; NUMWORDS_B                         ; 1                                       ; Untyped            ;
; INDATA_REG_B                       ; CLOCK1                                  ; Untyped            ;
; WRCONTROL_WRADDRESS_REG_B          ; CLOCK1                                  ; Untyped            ;
; RDCONTROL_REG_B                    ; CLOCK1                                  ; Untyped            ;
; ADDRESS_REG_B                      ; CLOCK1                                  ; Untyped            ;
; OUTDATA_REG_B                      ; UNREGISTERED                            ; Untyped            ;
; BYTEENA_REG_B                      ; CLOCK1                                  ; Untyped            ;
; INDATA_ACLR_B                      ; NONE                                    ; Untyped            ;
; WRCONTROL_ACLR_B                   ; NONE                                    ; Untyped            ;
; ADDRESS_ACLR_B                     ; NONE                                    ; Untyped            ;
; OUTDATA_ACLR_B                     ; NONE                                    ; Untyped            ;
; RDCONTROL_ACLR_B                   ; NONE                                    ; Untyped            ;
; BYTEENA_ACLR_B                     ; NONE                                    ; Untyped            ;
; WIDTH_BYTEENA_A                    ; 1                                       ; Signed Integer     ;
; WIDTH_BYTEENA_B                    ; 1                                       ; Untyped            ;
; RAM_BLOCK_TYPE                     ; M9K                                     ; Untyped            ;
; BYTE_SIZE                          ; 8                                       ; Untyped            ;
; READ_DURING_WRITE_MODE_MIXED_PORTS ; DONT_CARE                               ; Untyped            ;
; READ_DURING_WRITE_MODE_PORT_A      ; NEW_DATA_NO_NBE_READ                    ; Untyped            ;
; READ_DURING_WRITE_MODE_PORT_B      ; NEW_DATA_NO_NBE_READ                    ; Untyped            ;
; INIT_FILE                          ; instructionMemoryInitializationFile.mif ; Untyped            ;
; INIT_FILE_LAYOUT                   ; PORT_A                                  ; Untyped            ;
; MAXIMUM_DEPTH                      ; 0                                       ; Untyped            ;
; CLOCK_ENABLE_INPUT_A               ; BYPASS                                  ; Untyped            ;
; CLOCK_ENABLE_INPUT_B               ; NORMAL                                  ; Untyped            ;
; CLOCK_ENABLE_OUTPUT_A              ; BYPASS                                  ; Untyped            ;
; CLOCK_ENABLE_OUTPUT_B              ; NORMAL                                  ; Untyped            ;
; CLOCK_ENABLE_CORE_A                ; USE_INPUT_CLKEN                         ; Untyped            ;
; CLOCK_ENABLE_CORE_B                ; USE_INPUT_CLKEN                         ; Untyped            ;
; ENABLE_ECC                         ; FALSE                                   ; Untyped            ;
; ECC_PIPELINE_STAGE_ENABLED         ; FALSE                                   ; Untyped            ;
; WIDTH_ECCSTATUS                    ; 3                                       ; Untyped            ;
; DEVICE_FAMILY                      ; MAX 10                                  ; Untyped            ;
; CBXI_PARAMETER                     ; altsyncram_hqc1                         ; Untyped            ;
+------------------------------------+-----------------------------------------+--------------------+
Note: In order to hide this table in the UI and the text report file, please set the "Show Parameter Settings in Synthesis Report" option in "Analysis and Synthesis Settings -> More Settings" to "Off".


+-----------------------------------------------------------+
; Parameter Settings for User Entity Instance: mux2x1:pcMux ;
+----------------+-------+----------------------------------+
; Parameter Name ; Value ; Type                             ;
+----------------+-------+----------------------------------+
; size           ; 8     ; Signed Integer                   ;
+----------------+-------+----------------------------------+
Note: In order to hide this table in the UI and the text report file, please set the "Show Parameter Settings in Synthesis Report" option in "Analysis and Synthesis Settings -> More Settings" to "Off".


+-------------------------------------------------------------+
; Parameter Settings for User Entity Instance: mux2x1:jumpMux ;
+----------------+-------+------------------------------------+
; Parameter Name ; Value ; Type                               ;
+----------------+-------+------------------------------------+
; size           ; 8     ; Signed Integer                     ;
+----------------+-------+------------------------------------+
Note: In order to hide this table in the UI and the text report file, please set the "Show Parameter Settings in Synthesis Report" option in "Analysis and Synthesis Settings -> More Settings" to "Off".


+---------------------------------------------------------------+
; Parameter Settings for User Entity Instance: mux2x1:branchMux ;
+----------------+-------+--------------------------------------+
; Parameter Name ; Value ; Type                                 ;
+----------------+-------+--------------------------------------+
; size           ; 8     ; Signed Integer                       ;
+----------------+-------+--------------------------------------+
Note: In order to hide this table in the UI and the text report file, please set the "Show Parameter Settings in Synthesis Report" option in "Analysis and Synthesis Settings -> More Settings" to "Off".


+---------------------------------------------------------+
; Parameter Settings for User Entity Instance: pipe:IF_ID ;
+----------------+-------+--------------------------------+
; Parameter Name ; Value ; Type                           ;
+----------------+-------+--------------------------------+
; size           ; 40    ; Signed Integer                 ;
+----------------+-------+--------------------------------+
Note: In order to hide this table in the UI and the text report file, please set the "Show Parameter Settings in Synthesis Report" option in "Analysis and Synthesis Settings -> More Settings" to "Off".


+-------------------------------------------------------------+
; Parameter Settings for User Entity Instance: controlUnit:CU ;
+----------------+--------+-----------------------------------+
; Parameter Name ; Value  ; Type                              ;
+----------------+--------+-----------------------------------+
; _RType         ; 000000 ; Unsigned Binary                   ;
; _addi          ; 001000 ; Unsigned Binary                   ;
; _lw            ; 100011 ; Unsigned Binary                   ;
; _sw            ; 101011 ; Unsigned Binary                   ;
; _beq           ; 000100 ; Unsigned Binary                   ;
; _bne           ; 000101 ; Unsigned Binary                   ;
; _jal           ; 000011 ; Unsigned Binary                   ;
; _ori           ; 001101 ; Unsigned Binary                   ;
; _xori          ; 010110 ; Unsigned Binary                   ;
; _add_          ; 100000 ; Unsigned Binary                   ;
; _sub_          ; 100010 ; Unsigned Binary                   ;
; _and_          ; 100100 ; Unsigned Binary                   ;
; _or_           ; 100101 ; Unsigned Binary                   ;
; _slt_          ; 101010 ; Unsigned Binary                   ;
; _sgt_          ; 010100 ; Unsigned Binary                   ;
; _sll_          ; 000000 ; Unsigned Binary                   ;
; _srl_          ; 000010 ; Unsigned Binary                   ;
; _nor_          ; 100111 ; Unsigned Binary                   ;
; _xor_          ; 010101 ; Unsigned Binary                   ;
; _jr_           ; 001000 ; Unsigned Binary                   ;
; _andi          ; 001100 ; Unsigned Binary                   ;
; _slti          ; 001010 ; Unsigned Binary                   ;
; _j             ; 000010 ; Unsigned Binary                   ;
+----------------+--------+-----------------------------------+
Note: In order to hide this table in the UI and the text report file, please set the "Show Parameter Settings in Synthesis Report" option in "Analysis and Synthesis Settings -> More Settings" to "Off".


+--------------------------------------------------------------------------+
; Parameter Settings for User Entity Instance: Comparator:branchComparator ;
+----------------+-------+-------------------------------------------------+
; Parameter Name ; Value ; Type                                            ;
+----------------+-------+-------------------------------------------------+
; size           ; 32    ; Signed Integer                                  ;
+----------------+-------+-------------------------------------------------+
Note: In order to hide this table in the UI and the text report file, please set the "Show Parameter Settings in Synthesis Report" option in "Analysis and Synthesis Settings -> More Settings" to "Off".


+----------------------------------------------------------------+
; Parameter Settings for User Entity Instance: adder:branchAdder ;
+----------------+-------+---------------------------------------+
; Parameter Name ; Value ; Type                                  ;
+----------------+-------+---------------------------------------+
; size           ; 8     ; Signed Integer                        ;
+----------------+-------+---------------------------------------+
Note: In order to hide this table in the UI and the text report file, please set the "Show Parameter Settings in Synthesis Report" option in "Analysis and Synthesis Settings -> More Settings" to "Off".


+-----------------------------------------------------------+
; Parameter Settings for User Entity Instance: mux2x1:CUMux ;
+----------------+-------+----------------------------------+
; Parameter Name ; Value ; Type                             ;
+----------------+-------+----------------------------------+
; size           ; 15    ; Signed Integer                   ;
+----------------+-------+----------------------------------+
Note: In order to hide this table in the UI and the text report file, please set the "Show Parameter Settings in Synthesis Report" option in "Analysis and Synthesis Settings -> More Settings" to "Off".


+---------------------------------------------------------+
; Parameter Settings for User Entity Instance: pipe:ID_EX ;
+----------------+-------+--------------------------------+
; Parameter Name ; Value ; Type                           ;
+----------------+-------+--------------------------------+
; size           ; 136   ; Signed Integer                 ;
+----------------+-------+--------------------------------+
Note: In order to hide this table in the UI and the text report file, please set the "Show Parameter Settings in Synthesis Report" option in "Analysis and Synthesis Settings -> More Settings" to "Off".


+------------------------------------------------------------------+
; Parameter Settings for User Entity Instance: mux3to1:ForwardAMux ;
+----------------+-------+-----------------------------------------+
; Parameter Name ; Value ; Type                                    ;
+----------------+-------+-----------------------------------------+
; size           ; 32    ; Signed Integer                          ;
+----------------+-------+-----------------------------------------+
Note: In order to hide this table in the UI and the text report file, please set the "Show Parameter Settings in Synthesis Report" option in "Analysis and Synthesis Settings -> More Settings" to "Off".


+------------------------------------------------------------------+
; Parameter Settings for User Entity Instance: mux3to1:ForwardBMux ;
+----------------+-------+-----------------------------------------+
; Parameter Name ; Value ; Type                                    ;
+----------------+-------+-----------------------------------------+
; size           ; 32    ; Signed Integer                          ;
+----------------+-------+-----------------------------------------+
Note: In order to hide this table in the UI and the text report file, please set the "Show Parameter Settings in Synthesis Report" option in "Analysis and Synthesis Settings -> More Settings" to "Off".


+------------------------------------------------------------+
; Parameter Settings for User Entity Instance: mux2x1:ALUMux ;
+----------------+-------+-----------------------------------+
; Parameter Name ; Value ; Type                              ;
+----------------+-------+-----------------------------------+
; size           ; 32    ; Signed Integer                    ;
+----------------+-------+-----------------------------------+
Note: In order to hide this table in the UI and the text report file, please set the "Show Parameter Settings in Synthesis Report" option in "Analysis and Synthesis Settings -> More Settings" to "Off".


+---------------------------------------------------------------------+
; Parameter Settings for User Entity Instance: ALU:alu                ;
+----------------+----------------------------------+-----------------+
; Parameter Name ; Value                            ; Type            ;
+----------------+----------------------------------+-----------------+
; data_width     ; 32                               ; Signed Integer  ;
; sel_width      ; 4                                ; Signed Integer  ;
; _ADD           ; 00000000000000000000000000000000 ; Unsigned Binary ;
; _SUB           ; 00000000000000000000000000000001 ; Unsigned Binary ;
; _AND           ; 00000000000000000000000000000010 ; Unsigned Binary ;
; _OR            ; 00000000000000000000000000000011 ; Unsigned Binary ;
; _SLT           ; 00000000000000000000000000000100 ; Unsigned Binary ;
; _SGT           ; 00000000000000000000000000000101 ; Unsigned Binary ;
; _NOR           ; 00000000000000000000000000000110 ; Unsigned Binary ;
; _XOR           ; 00000000000000000000000000000111 ; Unsigned Binary ;
; _SLL           ; 00000000000000000000000000001000 ; Unsigned Binary ;
; _SRL           ; 00000000000000000000000000001001 ; Unsigned Binary ;
+----------------+----------------------------------+-----------------+
Note: In order to hide this table in the UI and the text report file, please set the "Show Parameter Settings in Synthesis Report" option in "Analysis and Synthesis Settings -> More Settings" to "Off".


+------------------------------------------------------------+
; Parameter Settings for User Entity Instance: mux3to1:RFMux ;
+----------------+-------+-----------------------------------+
; Parameter Name ; Value ; Type                              ;
+----------------+-------+-----------------------------------+
; size           ; 5     ; Signed Integer                    ;
+----------------+-------+-----------------------------------+
Note: In order to hide this table in the UI and the text report file, please set the "Show Parameter Settings in Synthesis Report" option in "Analysis and Synthesis Settings -> More Settings" to "Off".


+----------------------------------------------------------+
; Parameter Settings for User Entity Instance: pipe:EX_MEM ;
+----------------+-------+---------------------------------+
; Parameter Name ; Value ; Type                            ;
+----------------+-------+---------------------------------+
; size           ; 82    ; Signed Integer                  ;
+----------------+-------+---------------------------------+
Note: In order to hide this table in the UI and the text report file, please set the "Show Parameter Settings in Synthesis Report" option in "Analysis and Synthesis Settings -> More Settings" to "Off".


+--------------------------------------------------------------------------------------------+
; Parameter Settings for User Entity Instance: dataMemory:DM|altsyncram:altsyncram_component ;
+------------------------------------+----------------------------------+--------------------+
; Parameter Name                     ; Value                            ; Type               ;
+------------------------------------+----------------------------------+--------------------+
; BYTE_SIZE_BLOCK                    ; 8                                ; Untyped            ;
; AUTO_CARRY_CHAINS                  ; ON                               ; AUTO_CARRY         ;
; IGNORE_CARRY_BUFFERS               ; OFF                              ; IGNORE_CARRY       ;
; AUTO_CASCADE_CHAINS                ; ON                               ; AUTO_CASCADE       ;
; IGNORE_CASCADE_BUFFERS             ; OFF                              ; IGNORE_CASCADE     ;
; WIDTH_BYTEENA                      ; 1                                ; Untyped            ;
; OPERATION_MODE                     ; SINGLE_PORT                      ; Untyped            ;
; WIDTH_A                            ; 32                               ; Signed Integer     ;
; WIDTHAD_A                          ; 8                                ; Signed Integer     ;
; NUMWORDS_A                         ; 256                              ; Signed Integer     ;
; OUTDATA_REG_A                      ; UNREGISTERED                     ; Untyped            ;
; ADDRESS_ACLR_A                     ; NONE                             ; Untyped            ;
; OUTDATA_ACLR_A                     ; NONE                             ; Untyped            ;
; WRCONTROL_ACLR_A                   ; NONE                             ; Untyped            ;
; INDATA_ACLR_A                      ; NONE                             ; Untyped            ;
; BYTEENA_ACLR_A                     ; NONE                             ; Untyped            ;
; WIDTH_B                            ; 1                                ; Untyped            ;
; WIDTHAD_B                          ; 1                                ; Untyped            ;
; NUMWORDS_B                         ; 1                                ; Untyped            ;
; INDATA_REG_B                       ; CLOCK1                           ; Untyped            ;
; WRCONTROL_WRADDRESS_REG_B          ; CLOCK1                           ; Untyped            ;
; RDCONTROL_REG_B                    ; CLOCK1                           ; Untyped            ;
; ADDRESS_REG_B                      ; CLOCK1                           ; Untyped            ;
; OUTDATA_REG_B                      ; UNREGISTERED                     ; Untyped            ;
; BYTEENA_REG_B                      ; CLOCK1                           ; Untyped            ;
; INDATA_ACLR_B                      ; NONE                             ; Untyped            ;
; WRCONTROL_ACLR_B                   ; NONE                             ; Untyped            ;
; ADDRESS_ACLR_B                     ; NONE                             ; Untyped            ;
; OUTDATA_ACLR_B                     ; NONE                             ; Untyped            ;
; RDCONTROL_ACLR_B                   ; NONE                             ; Untyped            ;
; BYTEENA_ACLR_B                     ; NONE                             ; Untyped            ;
; WIDTH_BYTEENA_A                    ; 1                                ; Signed Integer     ;
; WIDTH_BYTEENA_B                    ; 1                                ; Untyped            ;
; RAM_BLOCK_TYPE                     ; M9K                              ; Untyped            ;
; BYTE_SIZE                          ; 8                                ; Untyped            ;
; READ_DURING_WRITE_MODE_MIXED_PORTS ; DONT_CARE                        ; Untyped            ;
; READ_DURING_WRITE_MODE_PORT_A      ; NEW_DATA_WITH_NBE_READ           ; Untyped            ;
; READ_DURING_WRITE_MODE_PORT_B      ; NEW_DATA_NO_NBE_READ             ; Untyped            ;
; INIT_FILE                          ; dataMemoryInitializationFile.mif ; Untyped            ;
; INIT_FILE_LAYOUT                   ; PORT_A                           ; Untyped            ;
; MAXIMUM_DEPTH                      ; 0                                ; Untyped            ;
; CLOCK_ENABLE_INPUT_A               ; BYPASS                           ; Untyped            ;
; CLOCK_ENABLE_INPUT_B               ; NORMAL                           ; Untyped            ;
; CLOCK_ENABLE_OUTPUT_A              ; BYPASS                           ; Untyped            ;
; CLOCK_ENABLE_OUTPUT_B              ; NORMAL                           ; Untyped            ;
; CLOCK_ENABLE_CORE_A                ; USE_INPUT_CLKEN                  ; Untyped            ;
; CLOCK_ENABLE_CORE_B                ; USE_INPUT_CLKEN                  ; Untyped            ;
; ENABLE_ECC                         ; FALSE                            ; Untyped            ;
; ECC_PIPELINE_STAGE_ENABLED         ; FALSE                            ; Untyped            ;
; WIDTH_ECCSTATUS                    ; 3                                ; Untyped            ;
; DEVICE_FAMILY                      ; MAX 10                           ; Untyped            ;
; CBXI_PARAMETER                     ; altsyncram_8km1                  ; Untyped            ;
+------------------------------------+----------------------------------+--------------------+
Note: In order to hide this table in the UI and the text report file, please set the "Show Parameter Settings in Synthesis Report" option in "Analysis and Synthesis Settings -> More Settings" to "Off".


+----------------------------------------------------------+
; Parameter Settings for User Entity Instance: pipe:MEM_WB ;
+----------------+-------+---------------------------------+
; Parameter Name ; Value ; Type                            ;
+----------------+-------+---------------------------------+
; size           ; 80    ; Signed Integer                  ;
+----------------+-------+---------------------------------+
Note: In order to hide this table in the UI and the text report file, please set the "Show Parameter Settings in Synthesis Report" option in "Analysis and Synthesis Settings -> More Settings" to "Off".


+------------------------------------------------------------+
; Parameter Settings for User Entity Instance: mux3to1:WBMux ;
+----------------+-------+-----------------------------------+
; Parameter Name ; Value ; Type                              ;
+----------------+-------+-----------------------------------+
; size           ; 32    ; Signed Integer                    ;
+----------------+-------+-----------------------------------+
Note: In order to hide this table in the UI and the text report file, please set the "Show Parameter Settings in Synthesis Report" option in "Analysis and Synthesis Settings -> More Settings" to "Off".


+--------------------------------------------------------------------------------------------------+
; altsyncram Parameter Settings by Entity Instance                                                 ;
+-------------------------------------------+------------------------------------------------------+
; Name                                      ; Value                                                ;
+-------------------------------------------+------------------------------------------------------+
; Number of entity instances                ; 2                                                    ;
; Entity Instance                           ; instructionMemory:IM|altsyncram:altsyncram_component ;
;     -- OPERATION_MODE                     ; ROM                                                  ;
;     -- WIDTH_A                            ; 32                                                   ;
;     -- NUMWORDS_A                         ; 256                                                  ;
;     -- OUTDATA_REG_A                      ; UNREGISTERED                                         ;
;     -- WIDTH_B                            ; 1                                                    ;
;     -- NUMWORDS_B                         ; 1                                                    ;
;     -- ADDRESS_REG_B                      ; CLOCK1                                               ;
;     -- OUTDATA_REG_B                      ; UNREGISTERED                                         ;
;     -- RAM_BLOCK_TYPE                     ; M9K                                                  ;
;     -- READ_DURING_WRITE_MODE_MIXED_PORTS ; DONT_CARE                                            ;
; Entity Instance                           ; dataMemory:DM|altsyncram:altsyncram_component        ;
;     -- OPERATION_MODE                     ; SINGLE_PORT                                          ;
;     -- WIDTH_A                            ; 32                                                   ;
;     -- NUMWORDS_A                         ; 256                                                  ;
;     -- OUTDATA_REG_A                      ; UNREGISTERED                                         ;
;     -- WIDTH_B                            ; 1                                                    ;
;     -- NUMWORDS_B                         ; 1                                                    ;
;     -- ADDRESS_REG_B                      ; CLOCK1                                               ;
;     -- OUTDATA_REG_B                      ; UNREGISTERED                                         ;
;     -- RAM_BLOCK_TYPE                     ; M9K                                                  ;
;     -- READ_DURING_WRITE_MODE_MIXED_PORTS ; DONT_CARE                                            ;
+-------------------------------------------+------------------------------------------------------+


+----------------------------------------------+
; Port Connectivity Checks: "mux3to1:WBMux"    ;
+------------+-------+----------+--------------+
; Port       ; Type  ; Severity ; Details      ;
+------------+-------+----------+--------------+
; in3[31..8] ; Input ; Info     ; Stuck at GND ;
+------------+-------+----------+--------------+


+-------------------------------------------+
; Port Connectivity Checks: "mux3to1:RFMux" ;
+------+-------+----------+-----------------+
; Port ; Type  ; Severity ; Details         ;
+------+-------+----------+-----------------+
; in3  ; Input ; Info     ; Stuck at VCC    ;
+------+-------+----------+-----------------+


+--------------------------------------------------------------------------------------------------------------------+
; Port Connectivity Checks: "ALU:alu"                                                                                ;
+----------+--------+----------+-------------------------------------------------------------------------------------+
; Port     ; Type   ; Severity ; Details                                                                             ;
+----------+--------+----------+-------------------------------------------------------------------------------------+
; overflow ; Output ; Info     ; Connected to dangling logic. Logic that only feeds a dangling port will be removed. ;
+----------+--------+----------+-------------------------------------------------------------------------------------+


+------------------------------------------+
; Port Connectivity Checks: "mux2x1:CUMux" ;
+------+-------+----------+----------------+
; Port ; Type  ; Severity ; Details        ;
+------+-------+----------+----------------+
; in2  ; Input ; Info     ; Stuck at GND   ;
+------+-------+----------+----------------+


+---------------------------------------------+
; Port Connectivity Checks: "adder:pcAdder"   ;
+-----------+-------+----------+--------------+
; Port      ; Type  ; Severity ; Details      ;
+-----------+-------+----------+--------------+
; in2[7..1] ; Input ; Info     ; Stuck at GND ;
; in2[0]    ; Input ; Info     ; Stuck at VCC ;
+-----------+-------+----------+--------------+


+-----------------------------------------------------+
; Post-Synthesis Netlist Statistics for Top Partition ;
+-----------------------+-----------------------------+
; Type                  ; Count                       ;
+-----------------------+-----------------------------+
; boundary_port         ; 11                          ;
; cycloneiii_ff         ; 1821                        ;
;     ENA CLR           ; 1291                        ;
;     ENA CLR SCLR SLD  ; 16                          ;
;     ENA CLR SLD       ; 514                         ;
; cycloneiii_lcell_comb ; 4554                        ;
;     arith             ; 108                         ;
;         2 data inputs ; 8                           ;
;         3 data inputs ; 100                         ;
;     normal            ; 4446                        ;
;         1 data inputs ; 17                          ;
;         2 data inputs ; 301                         ;
;         3 data inputs ; 1382                        ;
;         4 data inputs ; 2746                        ;
; cycloneiii_ram_block  ; 64                          ;
;                       ;                             ;
; Max LUT depth         ; 14.90                       ;
; Average LUT depth     ; 8.63                        ;
+-----------------------+-----------------------------+


+-------------------------------+
; Elapsed Time Per Partition    ;
+----------------+--------------+
; Partition Name ; Elapsed Time ;
+----------------+--------------+
; Top            ; 00:00:06     ;
+----------------+--------------+


+-------------------------------+
; Analysis & Synthesis Messages ;
+-------------------------------+
Info: *******************************************************************
Info: Running Quartus Prime Analysis & Synthesis
    Info: Version 20.1.1 Build 720 11/11/2020 SJ Lite Edition
    Info: Processing started: Sun Dec 01 01:43:26 2024
Info: Command: quartus_map --read_settings_files=on --write_settings_files=off Pipelined -c Pipelined
Info (20030): Parallel compilation is enabled and will use 6 of the 6 processors detected
Info (12021): Found 1 design units, including 1 entities, in source file branchpredictionunit.v
    Info (12023): Found entity 1: BranchPredictionUnit File: C:/Users/Saleh/Desktop/Josdc phase 2/JoSDC/Development Phase/Pipelined/BranchPredictionUnit.v Line: 1
Info (12021): Found 2 design units, including 2 entities, in source file muxes.v
    Info (12023): Found entity 1: mux2x1 File: C:/Users/Saleh/Desktop/Josdc phase 2/JoSDC/Development Phase/Pipelined/muxes.v Line: 1
    Info (12023): Found entity 2: mux3to1 File: C:/Users/Saleh/Desktop/Josdc phase 2/JoSDC/Development Phase/Pipelined/muxes.v Line: 16
Info (12021): Found 1 design units, including 1 entities, in source file testbench.v
    Info (12023): Found entity 1: testbench File: C:/Users/Saleh/Desktop/Josdc phase 2/JoSDC/Development Phase/Pipelined/testbench.v Line: 2
Info (12021): Found 1 design units, including 1 entities, in source file processor.v
    Info (12023): Found entity 1: processor File: C:/Users/Saleh/Desktop/Josdc phase 2/JoSDC/Development Phase/Pipelined/processor.v Line: 1
Info (12021): Found 1 design units, including 1 entities, in source file registerfile.v
    Info (12023): Found entity 1: registerFile File: C:/Users/Saleh/Desktop/Josdc phase 2/JoSDC/Development Phase/Pipelined/registerFile.v Line: 3
Info (12021): Found 1 design units, including 1 entities, in source file controlunit.v
    Info (12023): Found entity 1: controlUnit File: C:/Users/Saleh/Desktop/Josdc phase 2/JoSDC/Development Phase/Pipelined/controlUnit.v Line: 1
Info (12021): Found 1 design units, including 1 entities, in source file alu.v
    Info (12023): Found entity 1: ALU File: C:/Users/Saleh/Desktop/Josdc phase 2/JoSDC/Development Phase/Pipelined/ALU.v Line: 1
Info (12021): Found 1 design units, including 1 entities, in source file signextender.v
    Info (12023): Found entity 1: signextender File: C:/Users/Saleh/Desktop/Josdc phase 2/JoSDC/Development Phase/Pipelined/signextender.v Line: 4
Info (12021): Found 1 design units, including 1 entities, in source file programcounter.v
    Info (12023): Found entity 1: programCounter File: C:/Users/Saleh/Desktop/Josdc phase 2/JoSDC/Development Phase/Pipelined/programCounter.v Line: 1
Info (12021): Found 1 design units, including 1 entities, in source file adder.v
    Info (12023): Found entity 1: adder File: C:/Users/Saleh/Desktop/Josdc phase 2/JoSDC/Development Phase/Pipelined/adder.v Line: 3
Info (12021): Found 1 design units, including 1 entities, in source file andgate.v
    Info (12023): Found entity 1: ANDGate File: C:/Users/Saleh/Desktop/Josdc phase 2/JoSDC/Development Phase/Pipelined/ANDGate.v Line: 1
Info (12021): Found 1 design units, including 1 entities, in source file instructionmemory.v
    Info (12023): Found entity 1: instructionMemory File: C:/Users/Saleh/Desktop/Josdc phase 2/JoSDC/Development Phase/Pipelined/instructionMemory.v Line: 40
Info (12021): Found 1 design units, including 1 entities, in source file datamemory.v
    Info (12023): Found entity 1: dataMemory File: C:/Users/Saleh/Desktop/Josdc phase 2/JoSDC/Development Phase/Pipelined/dataMemory.v Line: 40
Info (12021): Found 1 design units, including 1 entities, in source file xnor.v
    Info (12023): Found entity 1: XNORGate File: C:/Users/Saleh/Desktop/Josdc phase 2/JoSDC/Development Phase/Pipelined/XNOR.v Line: 1
Info (12021): Found 1 design units, including 1 entities, in source file pipes.v
    Info (12023): Found entity 1: pipe File: C:/Users/Saleh/Desktop/Josdc phase 2/JoSDC/Development Phase/Pipelined/Pipes.v Line: 1
Info (12021): Found 1 design units, including 1 entities, in source file comparator.v
    Info (12023): Found entity 1: Comparator File: C:/Users/Saleh/Desktop/Josdc phase 2/JoSDC/Development Phase/Pipelined/Comparator.v Line: 1
Info (12021): Found 1 design units, including 1 entities, in source file forwardingunit.v
    Info (12023): Found entity 1: ForwardingUnit File: C:/Users/Saleh/Desktop/Josdc phase 2/JoSDC/Development Phase/Pipelined/forwardingUnit.v Line: 1
Info (12021): Found 1 design units, including 1 entities, in source file hazarddetectionunit.v
    Info (12023): Found entity 1: HazardDetectionUnit File: C:/Users/Saleh/Desktop/Josdc phase 2/JoSDC/Development Phase/Pipelined/HazardDetectionUnit.v Line: 1
Info (12021): Found 1 design units, including 1 entities, in source file orgate.v
    Info (12023): Found entity 1: ORGate File: C:/Users/Saleh/Desktop/Josdc phase 2/JoSDC/Development Phase/Pipelined/ORGate.v Line: 1
Info (12127): Elaborating entity "processor" for the top level hierarchy
Info (12128): Elaborating entity "programCounter" for hierarchy "programCounter:pc" File: C:/Users/Saleh/Desktop/Josdc phase 2/JoSDC/Development Phase/Pipelined/processor.v Line: 42
Info (12128): Elaborating entity "adder" for hierarchy "adder:pcAdder" File: C:/Users/Saleh/Desktop/Josdc phase 2/JoSDC/Development Phase/Pipelined/processor.v Line: 44
Info (12128): Elaborating entity "instructionMemory" for hierarchy "instructionMemory:IM" File: C:/Users/Saleh/Desktop/Josdc phase 2/JoSDC/Development Phase/Pipelined/processor.v Line: 46
Info (12128): Elaborating entity "altsyncram" for hierarchy "instructionMemory:IM|altsyncram:altsyncram_component" File: C:/Users/Saleh/Desktop/Josdc phase 2/JoSDC/Development Phase/Pipelined/instructionMemory.v Line: 85
Info (12130): Elaborated megafunction instantiation "instructionMemory:IM|altsyncram:altsyncram_component" File: C:/Users/Saleh/Desktop/Josdc phase 2/JoSDC/Development Phase/Pipelined/instructionMemory.v Line: 85
Info (12133): Instantiated megafunction "instructionMemory:IM|altsyncram:altsyncram_component" with the following parameter: File: C:/Users/Saleh/Desktop/Josdc phase 2/JoSDC/Development Phase/Pipelined/instructionMemory.v Line: 85
    Info (12134): Parameter "address_aclr_a" = "CLEAR0"
    Info (12134): Parameter "clock_enable_input_a" = "BYPASS"
    Info (12134): Parameter "clock_enable_output_a" = "BYPASS"
    Info (12134): Parameter "init_file" = "instructionMemoryInitializationFile.mif"
    Info (12134): Parameter "intended_device_family" = "MAX 10"
    Info (12134): Parameter "lpm_type" = "altsyncram"
    Info (12134): Parameter "numwords_a" = "256"
    Info (12134): Parameter "operation_mode" = "ROM"
    Info (12134): Parameter "outdata_aclr_a" = "CLEAR0"
    Info (12134): Parameter "outdata_reg_a" = "UNREGISTERED"
    Info (12134): Parameter "ram_block_type" = "M9K"
    Info (12134): Parameter "widthad_a" = "8"
    Info (12134): Parameter "width_a" = "32"
    Info (12134): Parameter "width_byteena_a" = "1"
Info (12021): Found 1 design units, including 1 entities, in source file db/altsyncram_hqc1.tdf
    Info (12023): Found entity 1: altsyncram_hqc1 File: C:/Users/Saleh/Desktop/Josdc phase 2/JoSDC/Development Phase/Pipelined/db/altsyncram_hqc1.tdf Line: 28
Info (12128): Elaborating entity "altsyncram_hqc1" for hierarchy "instructionMemory:IM|altsyncram:altsyncram_component|altsyncram_hqc1:auto_generated" File: c:/intelfpga_lite/20.1/quartus/libraries/megafunctions/altsyncram.tdf Line: 792
Info (12128): Elaborating entity "mux2x1" for hierarchy "mux2x1:pcMux" File: C:/Users/Saleh/Desktop/Josdc phase 2/JoSDC/Development Phase/Pipelined/processor.v Line: 48
Info (12128): Elaborating entity "pipe" for hierarchy "pipe:IF_ID" File: C:/Users/Saleh/Desktop/Josdc phase 2/JoSDC/Development Phase/Pipelined/processor.v Line: 55
Info (12128): Elaborating entity "BranchPredictionUnit" for hierarchy "BranchPredictionUnit:BPU" File: C:/Users/Saleh/Desktop/Josdc phase 2/JoSDC/Development Phase/Pipelined/processor.v Line: 58
Info (12128): Elaborating entity "signextender" for hierarchy "signextender:SignExtend" File: C:/Users/Saleh/Desktop/Josdc phase 2/JoSDC/Development Phase/Pipelined/processor.v Line: 63
Info (12128): Elaborating entity "controlUnit" for hierarchy "controlUnit:CU" File: C:/Users/Saleh/Desktop/Josdc phase 2/JoSDC/Development Phase/Pipelined/processor.v Line: 67
Info (12128): Elaborating entity "registerFile" for hierarchy "registerFile:RF" File: C:/Users/Saleh/Desktop/Josdc phase 2/JoSDC/Development Phase/Pipelined/processor.v Line: 73
Info (12128): Elaborating entity "Comparator" for hierarchy "Comparator:branchComparator" File: C:/Users/Saleh/Desktop/Josdc phase 2/JoSDC/Development Phase/Pipelined/processor.v Line: 76
Info (12128): Elaborating entity "XNORGate" for hierarchy "XNORGate:branchXnor" File: C:/Users/Saleh/Desktop/Josdc phase 2/JoSDC/Development Phase/Pipelined/processor.v Line: 78
Info (12128): Elaborating entity "ANDGate" for hierarchy "ANDGate:branchAnd" File: C:/Users/Saleh/Desktop/Josdc phase 2/JoSDC/Development Phase/Pipelined/processor.v Line: 80
Info (12128): Elaborating entity "HazardDetectionUnit" for hierarchy "HazardDetectionUnit:HDU" File: C:/Users/Saleh/Desktop/Josdc phase 2/JoSDC/Development Phase/Pipelined/processor.v Line: 85
Info (12128): Elaborating entity "ORGate" for hierarchy "ORGate:IfIdReset" File: C:/Users/Saleh/Desktop/Josdc phase 2/JoSDC/Development Phase/Pipelined/processor.v Line: 87
Info (12128): Elaborating entity "mux2x1" for hierarchy "mux2x1:CUMux" File: C:/Users/Saleh/Desktop/Josdc phase 2/JoSDC/Development Phase/Pipelined/processor.v Line: 90
Info (12128): Elaborating entity "pipe" for hierarchy "pipe:ID_EX" File: C:/Users/Saleh/Desktop/Josdc phase 2/JoSDC/Development Phase/Pipelined/processor.v Line: 96
Info (12128): Elaborating entity "mux3to1" for hierarchy "mux3to1:ForwardAMux" File: C:/Users/Saleh/Desktop/Josdc phase 2/JoSDC/Development Phase/Pipelined/processor.v Line: 107
Info (12128): Elaborating entity "mux2x1" for hierarchy "mux2x1:ALUMux" File: C:/Users/Saleh/Desktop/Josdc phase 2/JoSDC/Development Phase/Pipelined/processor.v Line: 111
Info (12128): Elaborating entity "ALU" for hierarchy "ALU:alu" File: C:/Users/Saleh/Desktop/Josdc phase 2/JoSDC/Development Phase/Pipelined/processor.v Line: 113
Info (12128): Elaborating entity "mux3to1" for hierarchy "mux3to1:RFMux" File: C:/Users/Saleh/Desktop/Josdc phase 2/JoSDC/Development Phase/Pipelined/processor.v Line: 115
Info (12128): Elaborating entity "ForwardingUnit" for hierarchy "ForwardingUnit:FU" File: C:/Users/Saleh/Desktop/Josdc phase 2/JoSDC/Development Phase/Pipelined/processor.v Line: 118
Info (12128): Elaborating entity "pipe" for hierarchy "pipe:EX_MEM" File: C:/Users/Saleh/Desktop/Josdc phase 2/JoSDC/Development Phase/Pipelined/processor.v Line: 121
Info (12128): Elaborating entity "dataMemory" for hierarchy "dataMemory:DM" File: C:/Users/Saleh/Desktop/Josdc phase 2/JoSDC/Development Phase/Pipelined/processor.v Line: 127
Info (12128): Elaborating entity "altsyncram" for hierarchy "dataMemory:DM|altsyncram:altsyncram_component" File: C:/Users/Saleh/Desktop/Josdc phase 2/JoSDC/Development Phase/Pipelined/dataMemory.v Line: 89
Info (12130): Elaborated megafunction instantiation "dataMemory:DM|altsyncram:altsyncram_component" File: C:/Users/Saleh/Desktop/Josdc phase 2/JoSDC/Development Phase/Pipelined/dataMemory.v Line: 89
Info (12133): Instantiated megafunction "dataMemory:DM|altsyncram:altsyncram_component" with the following parameter: File: C:/Users/Saleh/Desktop/Josdc phase 2/JoSDC/Development Phase/Pipelined/dataMemory.v Line: 89
    Info (12134): Parameter "clock_enable_input_a" = "BYPASS"
    Info (12134): Parameter "clock_enable_output_a" = "BYPASS"
    Info (12134): Parameter "init_file" = "dataMemoryInitializationFile.mif"
    Info (12134): Parameter "intended_device_family" = "MAX 10"
    Info (12134): Parameter "lpm_hint" = "ENABLE_RUNTIME_MOD=NO"
    Info (12134): Parameter "lpm_type" = "altsyncram"
    Info (12134): Parameter "numwords_a" = "256"
    Info (12134): Parameter "operation_mode" = "SINGLE_PORT"
    Info (12134): Parameter "outdata_aclr_a" = "NONE"
    Info (12134): Parameter "outdata_reg_a" = "UNREGISTERED"
    Info (12134): Parameter "power_up_uninitialized" = "FALSE"
    Info (12134): Parameter "ram_block_type" = "M9K"
    Info (12134): Parameter "read_during_write_mode_port_a" = "NEW_DATA_WITH_NBE_READ"
    Info (12134): Parameter "widthad_a" = "8"
    Info (12134): Parameter "width_a" = "32"
    Info (12134): Parameter "width_byteena_a" = "1"
Info (12021): Found 1 design units, including 1 entities, in source file db/altsyncram_8km1.tdf
    Info (12023): Found entity 1: altsyncram_8km1 File: C:/Users/Saleh/Desktop/Josdc phase 2/JoSDC/Development Phase/Pipelined/db/altsyncram_8km1.tdf Line: 28
Info (12128): Elaborating entity "altsyncram_8km1" for hierarchy "dataMemory:DM|altsyncram:altsyncram_component|altsyncram_8km1:auto_generated" File: c:/intelfpga_lite/20.1/quartus/libraries/megafunctions/altsyncram.tdf Line: 792
Info (12128): Elaborating entity "pipe" for hierarchy "pipe:MEM_WB" File: C:/Users/Saleh/Desktop/Josdc phase 2/JoSDC/Development Phase/Pipelined/processor.v Line: 131
Info (13000): Registers with preset signals will power-up high File: C:/Users/Saleh/Desktop/Josdc phase 2/JoSDC/Development Phase/Pipelined/programCounter.v Line: 15
Info (13003): DEV_CLRn pin will set, and not reset, register with preset signal due to NOT Gate Push-Back
Info (286030): Timing-Driven Synthesis is running
Info (144001): Generated suppressed messages file C:/Users/Saleh/Desktop/Josdc phase 2/JoSDC/Development Phase/Pipelined/output_files/Pipelined.map.smsg
Info (16010): Generating hard_block partition "hard_block:auto_generated_inst"
    Info (16011): Adding 0 node(s), including 0 DDIO, 0 PLL, 0 transceiver and 0 LCELL
Info (21057): Implemented 5875 device resources after synthesis - the final resource count might be different
    Info (21058): Implemented 3 input pins
    Info (21059): Implemented 8 output pins
    Info (21061): Implemented 5800 logic cells
    Info (21064): Implemented 64 RAM segments
Info: Quartus Prime Analysis & Synthesis was successful. 0 errors, 0 warnings
    Info: Peak virtual memory: 4832 megabytes
    Info: Processing ended: Sun Dec 01 01:43:38 2024
    Info: Elapsed time: 00:00:12
    Info: Total CPU time (on all processors): 00:00:06


+------------------------------------------+
; Analysis & Synthesis Suppressed Messages ;
+------------------------------------------+
The suppressed messages can be found in C:/Users/Saleh/Desktop/Josdc phase 2/JoSDC/Development Phase/Pipelined/output_files/Pipelined.map.smsg.


