Flow report for Pipelined
Sat Dec 14 02:59:42 2024
Quartus Prime Version 20.1.1 Build 720 11/11/2020 SJ Lite Edition


---------------------
; Table of Contents ;
---------------------
  1. Legal Notice
  2. Flow Summary
  3. Flow Settings
  4. Flow Non-Default Global Settings
  5. Flow Elapsed Time
  6. Flow OS Summary
  7. Flow Log
  8. Flow Messages
  9. Flow Suppressed Messages



----------------
; Legal Notice ;
----------------
Copyright (C) 2020  Intel Corporation. All rights reserved.
Your use of Intel Corporation's design tools, logic functions 
and other software and tools, and any partner logic 
functions, and any output files from any of the foregoing 
(including device programming or simulation files), and any 
associated documentation or information are expressly subject 
to the terms and conditions of the Intel Program License 
Subscription Agreement, the Intel Quartus Prime License Agreement,
the Intel FPGA IP License Agreement, or other applicable license
agreement, including, without limitation, that your use is for
the sole purpose of programming logic devices manufactured by
Intel and sold by Intel or its authorized distributors.  Please
refer to the applicable agreement for further details, at
https://fpgasoftware.intel.com/eula.



+----------------------------------------------------------------------------------+
; Flow Summary                                                                     ;
+------------------------------------+---------------------------------------------+
; Flow Status                        ; Successful - Sat Dec 14 02:59:42 2024       ;
; Quartus Prime Version              ; 20.1.1 Build 720 11/11/2020 SJ Lite Edition ;
; Revision Name                      ; Pipelined                                   ;
; Top-level Entity Name              ; processor                                   ;
; Family                             ; MAX 10                                      ;
; Device                             ; 10M50DAF484C7G                              ;
; Timing Models                      ; Final                                       ;
; Total logic elements               ; 3,218 / 49,760 ( 6 % )                      ;
;     Total combinational functions  ; 3,114 / 49,760 ( 6 % )                      ;
;     Dedicated logic registers      ; 1,540 / 49,760 ( 3 % )                      ;
; Total registers                    ; 1540                                        ;
; Total pins                         ; 11 / 360 ( 3 % )                            ;
; Total virtual pins                 ; 0                                           ;
; Total memory bits                  ; 16,384 / 1,677,312 ( < 1 % )                ;
; Embedded Multiplier 9-bit elements ; 0 / 288 ( 0 % )                             ;
; Total PLLs                         ; 0 / 4 ( 0 % )                               ;
; UFM blocks                         ; 0 / 1 ( 0 % )                               ;
; ADC blocks                         ; 0 / 2 ( 0 % )                               ;
+------------------------------------+---------------------------------------------+


+-----------------------------------------+
; Flow Settings                           ;
+-------------------+---------------------+
; Option            ; Setting             ;
+-------------------+---------------------+
; Start date & time ; 12/14/2024 02:58:04 ;
; Main task         ; Compilation         ;
; Revision Name     ; Pipelined           ;
+-------------------+---------------------+


+------------------------------------------------------------------------------------------------------------------------------+
; Flow Non-Default Global Settings                                                                                             ;
+--------------------------------------+----------------------------------------+---------------+-------------+----------------+
; Assignment Name                      ; Value                                  ; Default Value ; Entity Name ; Section Id     ;
+--------------------------------------+----------------------------------------+---------------+-------------+----------------+
; COMPILER_SIGNATURE_ID                ; 194042956659574.173413428405952        ; --            ; --          ; --             ;
; EDA_DESIGN_INSTANCE_NAME             ; NA                                     ; --            ; --          ; testbench      ;
; EDA_NATIVELINK_SIMULATION_TEST_BENCH ; testbench                              ; --            ; --          ; eda_simulation ;
; EDA_OUTPUT_DATA_FORMAT               ; Verilog Hdl                            ; --            ; --          ; eda_simulation ;
; EDA_SIMULATION_TOOL                  ; ModelSim-Altera (Verilog)              ; <None>        ; --          ; --             ;
; EDA_TEST_BENCH_ENABLE_STATUS         ; TEST_BENCH_MODE                        ; --            ; --          ; eda_simulation ;
; EDA_TEST_BENCH_FILE                  ; testbench.v                            ; --            ; --          ; testbench      ;
; EDA_TEST_BENCH_MODULE_NAME           ; testbench                              ; --            ; --          ; testbench      ;
; EDA_TEST_BENCH_NAME                  ; testbench                              ; --            ; --          ; eda_simulation ;
; EDA_TIME_SCALE                       ; 1 ps                                   ; --            ; --          ; eda_simulation ;
; FITTER_EFFORT                        ; Standard Fit                           ; Auto Fit      ; --          ; --             ;
; MAX_CORE_JUNCTION_TEMP               ; 85                                     ; --            ; --          ; --             ;
; MIN_CORE_JUNCTION_TEMP               ; 0                                      ; --            ; --          ; --             ;
; MISC_FILE                            ; instructionMemory_inst.v               ; --            ; --          ; --             ;
; MISC_FILE                            ; instructionMemory_bb.v                 ; --            ; --          ; --             ;
; MISC_FILE                            ; dataMemory_inst.v                      ; --            ; --          ; --             ;
; MISC_FILE                            ; dataMemory_bb.v                        ; --            ; --          ; --             ;
; MUX_RESTRUCTURE                      ; Off                                    ; Auto          ; --          ; --             ;
; NUM_PARALLEL_PROCESSORS              ; All                                    ; --            ; --          ; --             ;
; OPTIMIZATION_MODE                    ; Aggressive Performance                 ; Balanced      ; --          ; --             ;
; OUTPUT_IO_TIMING_FAR_END_VMEAS       ; Half Signal Swing                      ; --            ; --          ; --             ;
; OUTPUT_IO_TIMING_FAR_END_VMEAS       ; Half Signal Swing                      ; --            ; --          ; --             ;
; OUTPUT_IO_TIMING_NEAR_END_VMEAS      ; Half Vccio                             ; --            ; --          ; --             ;
; OUTPUT_IO_TIMING_NEAR_END_VMEAS      ; Half Vccio                             ; --            ; --          ; --             ;
; PARTITION_COLOR                      ; -- (Not supported for targeted family) ; --            ; processor   ; Top            ;
; PARTITION_FITTER_PRESERVATION_LEVEL  ; -- (Not supported for targeted family) ; --            ; processor   ; Top            ;
; PARTITION_NETLIST_TYPE               ; -- (Not supported for targeted family) ; --            ; processor   ; Top            ;
; PHYSICAL_SYNTHESIS_COMBO_LOGIC       ; On                                     ; Off           ; --          ; --             ;
; PHYSICAL_SYNTHESIS_REGISTER_RETIMING ; On                                     ; Off           ; --          ; --             ;
; PLACEMENT_EFFORT_MULTIPLIER          ; 4.0                                    ; 1.0           ; --          ; --             ;
; POWER_BOARD_THERMAL_MODEL            ; None (CONSERVATIVE)                    ; --            ; --          ; --             ;
; POWER_PRESET_COOLING_SOLUTION        ; 23 MM HEAT SINK WITH 200 LFPM AIRFLOW  ; --            ; --          ; --             ;
; PROJECT_OUTPUT_DIRECTORY             ; output_files                           ; --            ; --          ; --             ;
; ROUTER_TIMING_OPTIMIZATION_LEVEL     ; MAXIMUM                                ; Normal        ; --          ; --             ;
; TOP_LEVEL_ENTITY                     ; processor                              ; Pipelined     ; --          ; --             ;
+--------------------------------------+----------------------------------------+---------------+-------------+----------------+


+--------------------------------------------------------------------------------------------------------------------------+
; Flow Elapsed Time                                                                                                        ;
+----------------------+--------------+-------------------------+---------------------+------------------------------------+
; Module Name          ; Elapsed Time ; Average Processors Used ; Peak Virtual Memory ; Total CPU Time (on all processors) ;
+----------------------+--------------+-------------------------+---------------------+------------------------------------+
; Analysis & Synthesis ; 00:00:21     ; 1.0                     ; 4927 MB             ; 00:00:19                           ;
; Fitter               ; 00:01:02     ; 1.3                     ; 5700 MB             ; 00:00:43                           ;
; Assembler            ; 00:00:03     ; 1.0                     ; 4706 MB             ; 00:00:02                           ;
; Timing Analyzer      ; 00:00:05     ; 2.1                     ; 4863 MB             ; 00:00:04                           ;
; EDA Netlist Writer   ; 00:00:02     ; 1.0                     ; 4675 MB             ; 00:00:01                           ;
; Total                ; 00:01:33     ; --                      ; --                  ; 00:01:09                           ;
+----------------------+--------------+-------------------------+---------------------+------------------------------------+


+------------------------------------------------------------------------------------+
; Flow OS Summary                                                                    ;
+----------------------+------------------+------------+------------+----------------+
; Module Name          ; Machine Hostname ; OS Name    ; OS Version ; Processor type ;
+----------------------+------------------+------------+------------+----------------+
; Analysis & Synthesis ; Ahmad            ; Windows 10 ; 10.0       ; x86_64         ;
; Fitter               ; Ahmad            ; Windows 10 ; 10.0       ; x86_64         ;
; Assembler            ; Ahmad            ; Windows 10 ; 10.0       ; x86_64         ;
; Timing Analyzer      ; Ahmad            ; Windows 10 ; 10.0       ; x86_64         ;
; EDA Netlist Writer   ; Ahmad            ; Windows 10 ; 10.0       ; x86_64         ;
+----------------------+------------------+------------+------------+----------------+


------------
; Flow Log ;
------------
quartus_map --read_settings_files=on --write_settings_files=off Pipelined -c Pipelined
quartus_fit --read_settings_files=off --write_settings_files=off Pipelined -c Pipelined
quartus_asm --read_settings_files=off --write_settings_files=off Pipelined -c Pipelined
quartus_sta Pipelined -c Pipelined
quartus_eda --read_settings_files=off --write_settings_files=off Pipelined -c Pipelined



